Reading Images: 4.78778seconds.
Computing classifiers locally 1000 times: 1.27221seconds.
Computing Adaboost locally 50 times: 246.718seconds.
esting:

Test Adaboost: -1
	Neg	Pos
Neg	0	0
Pos	4415	818
Rate: 0.156316
End of Adaboost Test: 0.052246seconds.


Test Adaboost: -0.9
	Neg	Pos
Neg	0	0
Pos	4415	818
Rate: 0.156316
End of Adaboost Test: 0.051818seconds.


Test Adaboost: -0.8
	Neg	Pos
Neg	1	0
Pos	4414	818
Rate: 0.156507
End of Adaboost Test: 0.051811seconds.


Test Adaboost: -0.7
	Neg	Pos
Neg	8	0
Pos	4407	818
Rate: 0.157844
End of Adaboost Test: 0.051861seconds.


Test Adaboost: -0.6
	Neg	Pos
Neg	87	0
Pos	4328	818
Rate: 0.172941
End of Adaboost Test: 0.050805seconds.


Test Adaboost: -0.5
	Neg	Pos
Neg	412	0
Pos	4003	818
Rate: 0.235047
End of Adaboost Test: 0.05209seconds.


Test Adaboost: -0.4
	Neg	Pos
Neg	1375	0
Pos	3040	818
Rate: 0.419071
End of Adaboost Test: 0.05376seconds.


Test Adaboost: -0.3
	Neg	Pos
Neg	2821	1
Pos	1594	817
Rate: 0.695204
End of Adaboost Test: 0.053572seconds.


Test Adaboost: -0.2
	Neg	Pos
Neg	3823	3
Pos	592	815
Rate: 0.886298
End of Adaboost Test: 0.053202seconds.


Test Adaboost: -0.1
	Neg	Pos
Neg	4282	10
Pos	133	808
Rate: 0.972673
End of Adaboost Test: 0.0548seconds.


Test Adaboost: -1.38778e-16
	Neg	Pos
Neg	4391	42
Pos	24	776
Rate: 0.987388
End of Adaboost Test: 0.054674seconds.


Test Adaboost: 0.1
	Neg	Pos
Neg	4408	153
Pos	7	665
Rate: 0.969425
End of Adaboost Test: 0.054582seconds.


Test Adaboost: 0.2
	Neg	Pos
Neg	4413	388
Pos	2	430
Rate: 0.925473
End of Adaboost Test: 0.054692seconds.


Test Adaboost: 0.3
	Neg	Pos
Neg	4415	625
Pos	0	193
Rate: 0.880566
End of Adaboost Test: 0.054527seconds.


Test Adaboost: 0.4
	Neg	Pos
Neg	4415	760
Pos	0	58
Rate: 0.854768
End of Adaboost Test: 0.054299seconds.


Test Adaboost: 0.5
	Neg	Pos
Neg	4415	811
Pos	0	7
Rate: 0.845022
End of Adaboost Test: 0.054364seconds.


Test Adaboost: 0.6
	Neg	Pos
Neg	4415	818
Pos	0	0
Rate: 0.843684
End of Adaboost Test: 0.054364seconds.


Test Adaboost: 0.7
	Neg	Pos
Neg	4415	818
Pos	0	0
Rate: 0.843684
End of Adaboost Test: 0.054064seconds.


Test Adaboost: 0.8
	Neg	Pos
Neg	4415	818
Pos	0	0
Rate: 0.843684
End of Adaboost Test: 0.053963seconds.


Test Adaboost: 0.9
	Neg	Pos
Neg	4415	818
Pos	0	0
Rate: 0.843684
End of Adaboost Test: 0.054284seconds.


Test Adaboost: 1
	Neg	Pos
Neg	4415	818
Pos	0	0
Rate: 0.843684
End of Adaboost Test: 0.054128seconds.


Test Classifier
	Neg	Pos
Neg	287	21
Pos	13	179
Rate: 0.932
End of Classifier Test: 0.204004seconds.

End of Test: 1.32797seconds.
